time="2022-02-24T16:08:56+09:00" level="info" func="Strcompt" msg="FIND BY AHO-CORASICK"
time="2022-02-24T16:08:56+09:00" level="info" func="Strcompt" msg="Bear"
time="2022-02-24T16:08:56+09:00" level="info" func="Strcompt" msg="Masha"
time="2022-02-24T16:08:56+09:00" level="info" func="Ex1" msg="found patterns : 2 earth"
time="2022-02-24T16:08:56+09:00" level="info" func="TestcloudflareEnglish" msg="** English Benchmark of cloudflare/ahocorasick **"
time="2022-02-24T16:08:56+09:00" level="info" func="TestcloudflareEnglish" msg="-------------------------------------------------"
time="2022-02-24T16:08:56+09:00" level="info" func="TestcloudflareEnglish" msg="=> Start to Load... "
time="2022-02-24T16:08:56+09:00" level="info" func="TestcloudflareEnglish" msg="load file cost:25(ms)"
time="2022-02-24T16:08:56+09:00" level="info" func="TestcloudflareEnglish" msg="=> Start to Search... "
time="2022-02-24T16:08:57+09:00" level="info" func="TestcloudflareEnglish" msg="search cost:1146(ms)"
time="2022-02-24T16:08:57+09:00" level="info" func="TestanKnownEnglish" msg="** English Benchmark of anknown/ahocorasick **"
time="2022-02-24T16:08:57+09:00" level="info" func="TestanKnownEnglish" msg="------------------------------------------------"
time="2022-02-24T16:08:57+09:00" level="info" func="TestanKnownEnglish" msg="=> Start to Load... "
time="2022-02-24T16:08:57+09:00" level="info" func="TestanKnownEnglish" msg="load file cost : %d(ms)33"
time="2022-02-24T16:08:57+09:00" level="info" func="TestanKnownEnglish" msg="=> Start to Search... "
time="2022-02-24T16:08:58+09:00" level="info" func="TestanKnownEnglish" msg="search cost : 436(ms)"
time="2022-02-24T16:08:58+09:00" level="info" func="TestcloudflareChinese" msg="** Chinese Benchmark of cloudflare/ahocorasick **"
time="2022-02-24T16:08:58+09:00" level="info" func="TestcloudflareChinese" msg="---------------------------------------------------"
time="2022-02-24T16:08:58+09:00" level="info" func="TestcloudflareChinese" msg="=> Start to Load... "
time="2022-02-24T16:08:58+09:00" level="info" func="TestcloudflareChinese" msg="load file cost : 19(ms)"
time="2022-02-24T16:08:58+09:00" level="info" func="TestcloudflareChinese" msg="=> Start to Search... "
time="2022-02-24T16:09:00+09:00" level="info" func="TestcloudflareChinese" msg="search cost : 1806(ms)"
time="2022-02-24T16:09:00+09:00" level="info" func="TestanKnownChinese" msg="** Korean Benchmark of anknown/ahocorasick **"
time="2022-02-24T16:09:00+09:00" level="info" func="TestanKnownChinese" msg="------------------------------------------------"
time="2022-02-24T16:09:00+09:00" level="info" func="TestanKnownChinese" msg="=> Start to Load... "
time="2022-02-24T16:09:00+09:00" level="info" func="TestanKnownChinese" msg="load file cost : 24(ms)"
time="2022-02-24T16:09:00+09:00" level="info" func="TestanKnownChinese" msg="=> Start to Search... "
time="2022-02-24T16:09:00+09:00" level="info" func="TestanKnownChinese" msg="search cost : 476(ms)"
