time="2022-02-25T10:22:53+09:00" level="info" func="Strcompt" msg="FIND BY AHO-CORASICK"
time="2022-02-25T10:22:53+09:00" level="info" func="Strcompt" msg="Bear"
time="2022-02-25T10:22:53+09:00" level="info" func="Strcompt" msg="Masha"
time="2022-02-25T10:22:53+09:00" level="info" func="Ex1" msg="found patterns : 2 earth"
time="2022-02-25T10:22:53+09:00" level="info" func="TestcloudflareEnglish" msg="** English Benchmark of cloudflare/ahocorasick **"
time="2022-02-25T10:22:53+09:00" level="info" func="TestcloudflareEnglish" msg="-------------------------------------------------"
time="2022-02-25T10:22:53+09:00" level="info" func="TestcloudflareEnglish" msg="=> Start to Load... "
time="2022-02-25T10:22:53+09:00" level="info" func="TestcloudflareEnglish" msg="load file cost:22(ms)"
time="2022-02-25T10:22:53+09:00" level="info" func="TestcloudflareEnglish" msg="=> Start to Search... "
time="2022-02-25T10:22:54+09:00" level="info" func="TestcloudflareEnglish" msg="search cost:1434(ms)"
time="2022-02-25T10:22:54+09:00" level="info" func="TestanKnownEnglish" msg="** English Benchmark of anknown/ahocorasick **"
time="2022-02-25T10:22:54+09:00" level="info" func="TestanKnownEnglish" msg="------------------------------------------------"
time="2022-02-25T10:22:54+09:00" level="info" func="TestanKnownEnglish" msg="=> Start to Load... "
time="2022-02-25T10:22:54+09:00" level="info" func="TestanKnownEnglish" msg="load file cost : %d(ms)33"
time="2022-02-25T10:22:54+09:00" level="info" func="TestanKnownEnglish" msg="=> Start to Search... "
time="2022-02-25T10:22:54+09:00" level="info" func="TestanKnownEnglish" msg="search cost : 386(ms)"
time="2022-02-25T10:22:54+09:00" level="info" func="TestcloudflareChinese" msg="** Chinese Benchmark of cloudflare/ahocorasick **"
time="2022-02-25T10:22:54+09:00" level="info" func="TestcloudflareChinese" msg="---------------------------------------------------"
time="2022-02-25T10:22:54+09:00" level="info" func="TestcloudflareChinese" msg="=> Start to Load... "
time="2022-02-25T10:22:54+09:00" level="info" func="TestcloudflareChinese" msg="load file cost : 18(ms)"
time="2022-02-25T10:22:54+09:00" level="info" func="TestcloudflareChinese" msg="=> Start to Search... "
time="2022-02-25T10:22:57+09:00" level="info" func="TestcloudflareChinese" msg="search cost : 2085(ms)"
time="2022-02-25T10:22:57+09:00" level="info" func="TestanKnownChinese" msg="** Korean Benchmark of anknown/ahocorasick **"
time="2022-02-25T10:22:57+09:00" level="info" func="TestanKnownChinese" msg="------------------------------------------------"
time="2022-02-25T10:22:57+09:00" level="info" func="TestanKnownChinese" msg="=> Start to Load... "
time="2022-02-25T10:22:57+09:00" level="info" func="TestanKnownChinese" msg="load file cost : 23(ms)"
time="2022-02-25T10:22:57+09:00" level="info" func="TestanKnownChinese" msg="=> Start to Search... "
time="2022-02-25T10:22:57+09:00" level="info" func="TestanKnownChinese" msg="search cost : 484(ms)"
